[0.007s] Invoking command in '/home/cuong/diffdrive_arduino-humble/build/diffdrive_arduino': CMAKE_PREFIX_PATH=/opt/ros/humble /usr/bin/cmake /home/cuong/diffdrive_arduino-humble -DAMENT_CMAKE_SYMLINK_INSTALL=1 -DCMAKE_INSTALL_PREFIX=/home/cuong/diffdrive_arduino-humble/install/diffdrive_arduino
[0.113s] -- The CXX compiler identification is GNU 11.4.0
[0.133s] -- Detecting CXX compiler ABI info
[0.239s] -- Detecting CXX compiler ABI info - done
[0.245s] -- Check for working CXX compiler: /usr/bin/c++ - skipped
[0.245s] -- Detecting CXX compile features
[0.246s] -- Detecting CXX compile features - done
[0.248s] -- Found ament_cmake: 1.3.12 (/opt/ros/humble/share/ament_cmake/cmake)
[0.392s] -- Found Python3: /usr/bin/python3 (found version "3.10.12") found components: Interpreter 
[0.451s] -- Override CMake install command with custom implementation using symlinks instead of copying resources
[0.475s] -- Found hardware_interface: 2.52.0 (/opt/ros/humble/share/hardware_interface/cmake)
[0.509s] -- Found rosidl_generator_c: 3.1.7 (/opt/ros/humble/share/rosidl_generator_c/cmake)
[0.513s] -- Found rosidl_adapter: 3.1.7 (/opt/ros/humble/share/rosidl_adapter/cmake)
[0.521s] -- Found rosidl_generator_cpp: 3.1.7 (/opt/ros/humble/share/rosidl_generator_cpp/cmake)
[0.532s] -- Using all available rosidl_typesupport_c: rosidl_typesupport_fastrtps_c;rosidl_typesupport_introspection_c
[0.546s] -- Using all available rosidl_typesupport_cpp: rosidl_typesupport_fastrtps_cpp;rosidl_typesupport_introspection_cpp
[0.781s] -- Found rmw_implementation_cmake: 6.1.2 (/opt/ros/humble/share/rmw_implementation_cmake/cmake)
[0.784s] -- Found rmw_fastrtps_cpp: 6.2.9 (/opt/ros/humble/share/rmw_fastrtps_cpp/cmake)
[0.808s] -- Found TinyXML2 via Config file: TinyXML2_DIR-NOTFOUND
[0.848s] -- Found OpenSSL: /usr/lib/x86_64-linux-gnu/libcrypto.so (found version "3.0.2")  
[0.850s] -- Found TinyXML2 via Config file: TinyXML2_DIR-NOTFOUND
[0.865s] -- Found FastRTPS: /opt/ros/humble/include  
[0.871s] -- Found TinyXML2 via Config file: TinyXML2_DIR-NOTFOUND
[0.880s] -- Found TinyXML2 via Config file: TinyXML2_DIR-NOTFOUND
[0.890s] -- Using RMW implementation 'rmw_fastrtps_cpp' as default
[0.898s] -- Looking for C++ include pthread.h
[0.973s] -- Looking for C++ include pthread.h - found
[0.973s] -- Performing Test CMAKE_HAVE_LIBC_PTHREAD
[1.048s] -- Performing Test CMAKE_HAVE_LIBC_PTHREAD - Success
[1.049s] -- Found Threads: TRUE  
[1.092s] -- Found ament_cmake_gtest: 1.3.12 (/opt/ros/humble/share/ament_cmake_gtest/cmake)
[1.157s] -- Configuring done
[1.167s] -- Generating done
[1.170s] -- Build files have been written to: /home/cuong/diffdrive_arduino-humble/build/diffdrive_arduino
[1.181s] Invoked command in '/home/cuong/diffdrive_arduino-humble/build/diffdrive_arduino' returned '0': CMAKE_PREFIX_PATH=/opt/ros/humble /usr/bin/cmake /home/cuong/diffdrive_arduino-humble -DAMENT_CMAKE_SYMLINK_INSTALL=1 -DCMAKE_INSTALL_PREFIX=/home/cuong/diffdrive_arduino-humble/install/diffdrive_arduino
[1.182s] Invoking command in '/home/cuong/diffdrive_arduino-humble/build/diffdrive_arduino': CMAKE_PREFIX_PATH=/opt/ros/humble /usr/bin/cmake --build /home/cuong/diffdrive_arduino-humble/build/diffdrive_arduino -- -j12 -l12
[1.223s] [ 50%] [32mBuilding CXX object CMakeFiles/diffdrive_arduino.dir/hardware/diffbot_system.cpp.o[0m
[1.392s] In file included from [01m[K/home/cuong/diffdrive_arduino-humble/hardware/include/diffdrive_arduino/diffbot_system.hpp:34[m[K,
[1.392s]                  from [01m[K/home/cuong/diffdrive_arduino-humble/hardware/diffbot_system.cpp:15[m[K:
[1.392s] [01m[K/home/cuong/diffdrive_arduino-humble/hardware/include/diffdrive_arduino/arduino_comms.hpp:7:10:[m[K [01;31m[Kfatal error: [m[Klibserial/SerialPort.h: No such file or directory
[1.392s]     7 | #include [01;31m[K<libserial/SerialPort.h>[m[K
[1.392s]       |          [01;31m[K^~~~~~~~~~~~~~~~~~~~~~~~[m[K
[1.393s] compilation terminated.
[1.394s] gmake[2]: *** [CMakeFiles/diffdrive_arduino.dir/build.make:76: CMakeFiles/diffdrive_arduino.dir/hardware/diffbot_system.cpp.o] Error 1
[1.394s] gmake[1]: *** [CMakeFiles/Makefile2:137: CMakeFiles/diffdrive_arduino.dir/all] Error 2
[1.395s] gmake: *** [Makefile:146: all] Error 2
[1.397s] Invoked command in '/home/cuong/diffdrive_arduino-humble/build/diffdrive_arduino' returned '2': CMAKE_PREFIX_PATH=/opt/ros/humble /usr/bin/cmake --build /home/cuong/diffdrive_arduino-humble/build/diffdrive_arduino -- -j12 -l12
